# JRE version: Java(TM) SE Runtime Environment (8.0_172-b11) (build 1.8.0_172-b11)
# Java VM: Java HotSpot(TM) 64-Bit Server VM (25.172-b11 mixed mode windows-amd64 compressed oops)
Heap:
 PSYoungGen      total 221184K, used 171541K [0x00000000e5580000, 0x00000000f5000000, 0x0000000100000000)
  eden space 207872K, 82% used [0x00000000e5580000,0x00000000efd05538,0x00000000f2080000)
  from space 13312K, 0% used [0x00000000f2e00000,0x00000000f2e00000,0x00000000f3b00000)
  to   space 13824K, 0% used [0x00000000f2080000,0x00000000f2080000,0x00000000f2e00000)
 ParOldGen       total 65024K, used 20741K [0x00000000b0000000, 0x00000000b3f80000, 0x00000000e5580000)
  object space 65024K, 31% used [0x00000000b0000000,0x00000000b1441558,0x00000000b3f80000)
 Metaspace       used 37733K, capacity 39520K, committed 39640K, reserved 1083392K
  class space    used 4906K, capacity 5260K, committed 5376K, reserved 1048576K
GC Heap History (10 events):
Event: 6.879 GC heap before
{Heap before GC invocations=8 (full 1):
 PSYoungGen      total 89600K, used 4354K [0x00000000e5580000, 0x00000000f0380000, 0x0000000100000000)
  eden space 81920K, 0% used [0x00000000e5580000,0x00000000e5580000,0x00000000ea580000)
  from space 7680K, 56% used [0x00000000ea580000,0x00000000ea9c0a10,0x00000000ead00000)
  to   space 7168K, 0% used [0x00000000efc80000,0x00000000efc80000,0x00000000f0380000)
 ParOldGen       total 54784K, used 7096K [0x00000000b0000000, 0x00000000b3580000, 0x00000000e5580000)
  object space 54784K, 12% used [0x00000000b0000000,0x00000000b06ee130,0x00000000b3580000)
 Metaspace       used 20594K, capacity 21154K, committed 21248K, reserved 1067008K
  class space    used 2640K, capacity 2815K, committed 2816K, reserved 1048576K
Event: 6.920 GC heap after
Heap after GC invocations=8 (full 1):
 PSYoungGen      total 89600K, used 0K [0x00000000e5580000, 0x00000000f0380000, 0x0000000100000000)
  eden space 81920K, 0% used [0x00000000e5580000,0x00000000e5580000,0x00000000ea580000)
  from space 7680K, 0% used [0x00000000ea580000,0x00000000ea580000,0x00000000ead00000)
  to   space 7168K, 0% used [0x00000000efc80000,0x00000000efc80000,0x00000000f0380000)
 ParOldGen       total 35328K, used 6068K [0x00000000b0000000, 0x00000000b2280000, 0x00000000e5580000)
  object space 35328K, 17% used [0x00000000b0000000,0x00000000b05ed2b8,0x00000000b2280000)
 Metaspace       used 20594K, capacity 21154K, committed 21248K, reserved 1067008K
  class space    used 2640K, capacity 2815K, committed 2816K, reserved 1048576K
}
Event: 8.915 GC heap before
{Heap before GC invocations=9 (full 1):
 PSYoungGen      total 89600K, used 81920K [0x00000000e5580000, 0x00000000f0380000, 0x0000000100000000)
  eden space 81920K, 100% used [0x00000000e5580000,0x00000000ea580000,0x00000000ea580000)
  from space 7680K, 0% used [0x00000000ea580000,0x00000000ea580000,0x00000000ead00000)
  to   space 7168K, 0% used [0x00000000efc80000,0x00000000efc80000,0x00000000f0380000)
 ParOldGen       total 35328K, used 6068K [0x00000000b0000000, 0x00000000b2280000, 0x00000000e5580000)
  object space 35328K, 17% used [0x00000000b0000000,0x00000000b05ed2b8,0x00000000b2280000)
 Metaspace       used 25037K, capacity 25714K, committed 25984K, reserved 1071104K
  class space    used 3196K, capacity 3381K, committed 3456K, reserved 1048576K
Event: 8.945 GC heap after
Heap after GC invocations=9 (full 1):
 PSYoungGen      total 151040K, used 7164K [0x00000000e5580000, 0x00000000f0380000, 0x0000000100000000)
  eden space 143872K, 0% used [0x00000000e5580000,0x00000000e5580000,0x00000000ee200000)
  from space 7168K, 99% used [0x00000000efc80000,0x00000000f037f158,0x00000000f0380000)
  to   space 9216K, 0% used [0x00000000ef180000,0x00000000ef180000,0x00000000efa80000)
 ParOldGen       total 35328K, used 7944K [0x00000000b0000000, 0x00000000b2280000, 0x00000000e5580000)
  object space 35328K, 22% used [0x00000000b0000000,0x00000000b07c21c0,0x00000000b2280000)
 Metaspace       used 25037K, capacity 25714K, committed 25984K, reserved 1071104K
  class space    used 3196K, capacity 3381K, committed 3456K, reserved 1048576K
}
Event: 11.487 GC heap before
{Heap before GC invocations=10 (full 1):
 PSYoungGen      total 151040K, used 151036K [0x00000000e5580000, 0x00000000f0380000, 0x0000000100000000)
  eden space 143872K, 100% used [0x00000000e5580000,0x00000000ee200000,0x00000000ee200000)
  from space 7168K, 99% used [0x00000000efc80000,0x00000000f037f158,0x00000000f0380000)
  to   space 9216K, 0% used [0x00000000ef180000,0x00000000ef180000,0x00000000efa80000)
 ParOldGen       total 35328K, used 7944K [0x00000000b0000000, 0x00000000b2280000, 0x00000000e5580000)
  object space 35328K, 22% used [0x00000000b0000000,0x00000000b07c21c0,0x00000000b2280000)
 Metaspace       used 29298K, capacity 30362K, committed 30464K, reserved 1075200K
  class space    used 3847K, capacity 4080K, committed 4096K, reserved 1048576K
Event: 11.521 GC heap after
Heap after GC invocations=10 (full 1):
 PSYoungGen      total 168960K, used 9211K [0x00000000e5580000, 0x00000000f3b00000, 0x0000000100000000)
  eden space 159744K, 0% used [0x00000000e5580000,0x00000000e5580000,0x00000000ef180000)
  from space 9216K, 99% used [0x00000000ef180000,0x00000000efa7ed48,0x00000000efa80000)
  to   space 13312K, 0% used [0x00000000f2e00000,0x00000000f2e00000,0x00000000f3b00000)
 ParOldGen       total 35328K, used 15186K [0x00000000b0000000, 0x00000000b2280000, 0x00000000e5580000)
  object space 35328K, 42% used [0x00000000b0000000,0x00000000b0ed4860,0x00000000b2280000)
 Metaspace       used 29298K, capacity 30362K, committed 30464K, reserved 1075200K
  class space    used 3847K, capacity 4080K, committed 4096K, reserved 1048576K
}
Event: 14.018 GC heap before
{Heap before GC invocations=11 (full 1):
 PSYoungGen      total 168960K, used 110108K [0x00000000e5580000, 0x00000000f3b00000, 0x0000000100000000)
  eden space 159744K, 63% used [0x00000000e5580000,0x00000000eb808540,0x00000000ef180000)
  from space 9216K, 99% used [0x00000000ef180000,0x00000000efa7ed48,0x00000000efa80000)
  to   space 13312K, 0% used [0x00000000f2e00000,0x00000000f2e00000,0x00000000f3b00000)
 ParOldGen       total 35328K, used 15186K [0x00000000b0000000, 0x00000000b2280000, 0x00000000e5580000)
  object space 35328K, 42% used [0x00000000b0000000,0x00000000b0ed4860,0x00000000b2280000)
 Metaspace       used 33843K, capacity 35350K, committed 35416K, reserved 1079296K
  class space    used 4394K, capacity 4687K, committed 4736K, reserved 1048576K
Event: 14.040 GC heap after
Heap after GC invocations=11 (full 1):
 PSYoungGen      total 221184K, used 9454K [0x00000000e5580000, 0x00000000f5000000, 0x0000000100000000)
  eden space 207872K, 0% used [0x00000000e5580000,0x00000000e5580000,0x00000000f2080000)
  from space 13312K, 71% used [0x00000000f2e00000,0x00000000f373bb10,0x00000000f3b00000)
  to   space 13824K, 0% used [0x00000000f2080000,0x00000000f2080000,0x00000000f2e00000)
 ParOldGen       total 35328K, used 21285K [0x00000000b0000000, 0x00000000b2280000, 0x00000000e5580000)
  object space 35328K, 60% used [0x00000000b0000000,0x00000000b14c97f8,0x00000000b2280000)
 Metaspace       used 33843K, capacity 35350K, committed 35416K, reserved 1079296K
  class space    used 4394K, capacity 4687K, committed 4736K, reserved 1048576K
}
Event: 14.040 GC heap before
{Heap before GC invocations=12 (full 2):
 PSYoungGen      total 221184K, used 9454K [0x00000000e5580000, 0x00000000f5000000, 0x0000000100000000)
  eden space 207872K, 0% used [0x00000000e5580000,0x00000000e5580000,0x00000000f2080000)
  from space 13312K, 71% used [0x00000000f2e00000,0x00000000f373bb10,0x00000000f3b00000)
  to   space 13824K, 0% used [0x00000000f2080000,0x00000000f2080000,0x00000000f2e00000)
 ParOldGen       total 35328K, used 21285K [0x00000000b0000000, 0x00000000b2280000, 0x00000000e5580000)
  object space 35328K, 60% used [0x00000000b0000000,0x00000000b14c97f8,0x00000000b2280000)
 Metaspace       used 33843K, capacity 35350K, committed 35416K, reserved 1079296K
  class space    used 4394K, capacity 4687K, committed 4736K, reserved 1048576K
Event: 14.160 GC heap after
Heap after GC invocations=12 (full 2):
 PSYoungGen      total 221184K, used 0K [0x00000000e5580000, 0x00000000f5000000, 0x0000000100000000)
  eden space 207872K, 0% used [0x00000000e5580000,0x00000000e5580000,0x00000000f2080000)
  from space 13312K, 0% used [0x00000000f2e00000,0x00000000f2e00000,0x00000000f3b00000)
  to   space 13824K, 0% used [0x00000000f2080000,0x00000000f2080000,0x00000000f2e00000)
 ParOldGen       total 65024K, used 20741K [0x00000000b0000000, 0x00000000b3f80000, 0x00000000e5580000)
  object space 65024K, 31% used [0x00000000b0000000,0x00000000b1441558,0x00000000b3f80000)
 Metaspace       used 33843K, capacity 35350K, committed 35416K, reserved 1079296K
  class space    used 4394K, capacity 4687K, committed 4736K, reserved 1048576K
}

